[debug] [2022-10-28T16:06:51.929Z] ----------------------------------------------------------------------
[debug] [2022-10-28T16:06:51.932Z] Command:       C:\Program Files\nodejs\node.exe C:\Users\Ovi\AppData\Roaming\npm\node_modules\firebase-tools\lib\bin\firebase.js init
[debug] [2022-10-28T16:06:51.933Z] CLI Version:   11.14.1
[debug] [2022-10-28T16:06:51.933Z] Platform:      win32
[debug] [2022-10-28T16:06:51.933Z] Node Version:  v16.13.0
[debug] [2022-10-28T16:06:51.946Z] Time:          Fri Oct 28 2022 22:06:51 GMT+0600 (Bangladesh Standard Time)
[debug] [2022-10-28T16:06:51.946Z] ----------------------------------------------------------------------
[debug] 
[debug] [2022-10-28T16:06:51.953Z] >>> [apiv2][query] GET https://firebase-public.firebaseio.com/cli.json [none]
[debug] [2022-10-28T16:06:51.993Z] > command requires scopes: ["email","openid","https://www.googleapis.com/auth/cloudplatformprojects.readonly","https://www.googleapis.com/auth/firebase","https://www.googleapis.com/auth/cloud-platform"]
[debug] [2022-10-28T16:06:51.994Z] > authorizing via signed-in user (sbswag9@gmail.com)
[info] 
     ######## #### ########  ######## ########     ###     ######  ########
     ##        ##  ##     ## ##       ##     ##  ##   ##  ##       ##
     ######    ##  ########  ######   ########  #########  ######  ######
     ##        ##  ##    ##  ##       ##     ## ##     ##       ## ##
     ##       #### ##     ## ######## ########  ##     ##  ######  ########

You're about to initialize a Firebase project in this directory:

  C:\Users\Ovi\Desktop\jmcourse\jm-assignment-10\learnera_client

[debug] [2022-10-28T16:06:52.777Z] <<< [apiv2][status] GET https://firebase-public.firebaseio.com/cli.json 200
[debug] [2022-10-28T16:06:52.779Z] <<< [apiv2][body] GET https://firebase-public.firebaseio.com/cli.json {"cloudBuildErrorAfter":1594252800000,"cloudBuildWarnAfter":1590019200000,"defaultNode10After":1594252800000,"minVersion":"3.0.5","node8DeploysDisabledAfter":1613390400000,"node8RuntimeDisabledAfter":1615809600000,"node8WarnAfter":1600128000000}
